User defaults from command line:
    IDEDerivedDataPathOverride = /Users/ronaldo/Documents/Workspace/ModularizedByFeatures/LocalPods/CatFeature/Example/DerivedData/CatFeature

=== BUILD TARGET Context OF PROJECT Pods WITH CONFIGURATION Debug ===

Check dependencies

=== BUILD TARGET SnapKit OF PROJECT Pods WITH CONFIGURATION Debug ===

Check dependencies

=== BUILD TARGET Nimble OF PROJECT Pods WITH CONFIGURATION Debug ===
Check dependencies

=== BUILD TARGET CatFeature-CatFeature OF PROJECT Pods WITH CONFIGURATION Debug ===

Check dependencies

=== BUILD TARGET FBSnapshotTestCase OF PROJECT Pods WITH CONFIGURATION Debug ===

Check dependencies

=== BUILD TARGET CatFeature OF PROJECT Pods WITH CONFIGURATION Debug ===

Check dependencies

=== BUILD TARGET Pods-CatFeature_Tests OF PROJECT Pods WITH CONFIGURATION Debug ===

Check dependencies

=== BUILD TARGET Pods-CatFeature_Example OF PROJECT Pods WITH CONFIGURATION Debug ===

Check dependencies

=== BUILD TARGET CatFeature_Example OF PROJECT CatFeature WITH CONFIGURATION Debug ===

Check dependencies

PhaseScriptExecution [CP]\ Check\ Pods\ Manifest.lock DerivedData/CatFeature/Build/Intermediates/CatFeature.build/Debug-iphonesimulator/CatFeature_Example.build/Script-2B47C86C054EEFC09889863C.sh
    cd /Users/ronaldo/Documents/Workspace/ModularizedByFeatures/LocalPods/CatFeature/Example
    /bin/sh -c /Users/ronaldo/Documents/Workspace/ModularizedByFeatures/LocalPods/CatFeature/Example/DerivedData/CatFeature/Build/Intermediates/CatFeature.build/Debug-iphonesimulator/CatFeature_Example.build/Script-2B47C86C054EEFC09889863C.sh

PhaseScriptExecution [CP]\ Embed\ Pods\ Frameworks DerivedData/CatFeature/Build/Intermediates/CatFeature.build/Debug-iphonesimulator/CatFeature_Example.build/Script-84EEA2AD8D7B4BFDA7FFFF34.sh
    cd /Users/ronaldo/Documents/Workspace/ModularizedByFeatures/LocalPods/CatFeature/Example
    /bin/sh -c /Users/ronaldo/Documents/Workspace/ModularizedByFeatures/LocalPods/CatFeature/Example/DerivedData/CatFeature/Build/Intermediates/CatFeature.build/Debug-iphonesimulator/CatFeature_Example.build/Script-84EEA2AD8D7B4BFDA7FFFF34.sh
mkdir -p /Users/ronaldo/Documents/Workspace/ModularizedByFeatures/LocalPods/CatFeature/Example/DerivedData/CatFeature/Build/Products/Debug-iphonesimulator/CatFeature_Example.app/Frameworks
rsync -av --filter "- CVS/" --filter "- .svn/" --filter "- .git/" --filter "- .hg/" --filter "- Headers" --filter "- PrivateHeaders" --filter "- Modules" "/Users/ronaldo/Documents/Workspace/ModularizedByFeatures/LocalPods/CatFeature/Example/DerivedData/CatFeature/Build/Products/Debug-iphonesimulator/CatFeature/CatFeature.framework" "/Users/ronaldo/Documents/Workspace/ModularizedByFeatures/LocalPods/CatFeature/Example/DerivedData/CatFeature/Build/Products/Debug-iphonesimulator/CatFeature_Example.app/Frameworks"
building file list ... done
CatFeature.framework/
CatFeature.framework/CatFeature
CatFeature.framework/_CodeSignature/CodeResources

sent 255919 bytes  received 70 bytes  511978.00 bytes/sec
total size is 2811860  speedup is 10.98
Code Signing /Users/ronaldo/Documents/Workspace/ModularizedByFeatures/LocalPods/CatFeature/Example/DerivedData/CatFeature/Build/Products/Debug-iphonesimulator/CatFeature_Example.app/Frameworks/CatFeature.framework with Identity -
/usr/bin/codesign --force --sign -  --preserve-metadata=identifier,entitlements '/Users/ronaldo/Documents/Workspace/ModularizedByFeatures/LocalPods/CatFeature/Example/DerivedData/CatFeature/Build/Products/Debug-iphonesimulator/CatFeature_Example.app/Frameworks/CatFeature.framework'
/Users/ronaldo/Documents/Workspace/ModularizedByFeatures/LocalPods/CatFeature/Example/DerivedData/CatFeature/Build/Products/Debug-iphonesimulator/CatFeature_Example.app/Frameworks/CatFeature.framework: replacing existing signature
rsync -av --filter "- CVS/" --filter "- .svn/" --filter "- .git/" --filter "- .hg/" --filter "- Headers" --filter "- PrivateHeaders" --filter "- Modules" "/Users/ronaldo/Documents/Workspace/ModularizedByFeatures/LocalPods/CatFeature/Example/DerivedData/CatFeature/Build/Products/Debug-iphonesimulator/Context/Context.framework" "/Users/ronaldo/Documents/Workspace/ModularizedByFeatures/LocalPods/CatFeature/Example/DerivedData/CatFeature/Build/Products/Debug-iphonesimulator/CatFeature_Example.app/Frameworks"
building file list ... done
Context.framework/
Context.framework/Context
Context.framework/_CodeSignature/CodeResources

sent 66160 bytes  received 70 bytes  132460.00 bytes/sec
total size is 66624  speedup is 1.01
Code Signing /Users/ronaldo/Documents/Workspace/ModularizedByFeatures/LocalPods/CatFeature/Example/DerivedData/CatFeature/Build/Products/Debug-iphonesimulator/CatFeature_Example.app/Frameworks/Context.framework with Identity -
/usr/bin/codesign --force --sign -  --preserve-metadata=identifier,entitlements '/Users/ronaldo/Documents/Workspace/ModularizedByFeatures/LocalPods/CatFeature/Example/DerivedData/CatFeature/Build/Products/Debug-iphonesimulator/CatFeature_Example.app/Frameworks/Context.framework'
/Users/ronaldo/Documents/Workspace/ModularizedByFeatures/LocalPods/CatFeature/Example/DerivedData/CatFeature/Build/Products/Debug-iphonesimulator/CatFeature_Example.app/Frameworks/Context.framework: replacing existing signature
rsync -av --filter "- CVS/" --filter "- .svn/" --filter "- .git/" --filter "- .hg/" --filter "- Headers" --filter "- PrivateHeaders" --filter "- Modules" "/Users/ronaldo/Documents/Workspace/ModularizedByFeatures/LocalPods/CatFeature/Example/DerivedData/CatFeature/Build/Products/Debug-iphonesimulator/Nimble/Nimble.framework" "/Users/ronaldo/Documents/Workspace/ModularizedByFeatures/LocalPods/CatFeature/Example/DerivedData/CatFeature/Build/Products/Debug-iphonesimulator/CatFeature_Example.app/Frameworks"
building file list ... done
Nimble.framework/
Nimble.framework/Nimble
Nimble.framework/_CodeSignature/CodeResources

sent 1498776 bytes  received 70 bytes  2997692.00 bytes/sec
total size is 1499064  speedup is 1.00
Code Signing /Users/ronaldo/Documents/Workspace/ModularizedByFeatures/LocalPods/CatFeature/Example/DerivedData/CatFeature/Build/Products/Debug-iphonesimulator/CatFeature_Example.app/Frameworks/Nimble.framework with Identity -
/usr/bin/codesign --force --sign -  --preserve-metadata=identifier,entitlements '/Users/ronaldo/Documents/Workspace/ModularizedByFeatures/LocalPods/CatFeature/Example/DerivedData/CatFeature/Build/Products/Debug-iphonesimulator/CatFeature_Example.app/Frameworks/Nimble.framework'
/Users/ronaldo/Documents/Workspace/ModularizedByFeatures/LocalPods/CatFeature/Example/DerivedData/CatFeature/Build/Products/Debug-iphonesimulator/CatFeature_Example.app/Frameworks/Nimble.framework: replacing existing signature
rsync -av --filter "- CVS/" --filter "- .svn/" --filter "- .git/" --filter "- .hg/" --filter "- Headers" --filter "- PrivateHeaders" --filter "- Modules" "/Users/ronaldo/Documents/Workspace/ModularizedByFeatures/LocalPods/CatFeature/Example/DerivedData/CatFeature/Build/Products/Debug-iphonesimulator/SnapKit/SnapKit.framework" "/Users/ronaldo/Documents/Workspace/ModularizedByFeatures/LocalPods/CatFeature/Example/DerivedData/CatFeature/Build/Products/Debug-iphonesimulator/CatFeature_Example.app/Frameworks"
building file list ... done
SnapKit.framework/
SnapKit.framework/SnapKit
SnapKit.framework/_CodeSignature/CodeResources

sent 446704 bytes  received 70 bytes  893548.00 bytes/sec
total size is 447120  speedup is 1.00
Code Signing /Users/ronaldo/Documents/Workspace/ModularizedByFeatures/LocalPods/CatFeature/Example/DerivedData/CatFeature/Build/Products/Debug-iphonesimulator/CatFeature_Example.app/Frameworks/SnapKit.framework with Identity -
/usr/bin/codesign --force --sign -  --preserve-metadata=identifier,entitlements '/Users/ronaldo/Documents/Workspace/ModularizedByFeatures/LocalPods/CatFeature/Example/DerivedData/CatFeature/Build/Products/Debug-iphonesimulator/CatFeature_Example.app/Frameworks/SnapKit.framework'
/Users/ronaldo/Documents/Workspace/ModularizedByFeatures/LocalPods/CatFeature/Example/DerivedData/CatFeature/Build/Products/Debug-iphonesimulator/CatFeature_Example.app/Frameworks/SnapKit.framework: replacing existing signature

PhaseScriptExecution [CP]\ Copy\ Pods\ Resources DerivedData/CatFeature/Build/Intermediates/CatFeature.build/Debug-iphonesimulator/CatFeature_Example.build/Script-3F4C0E54481D8E5976AB89C2.sh
    cd /Users/ronaldo/Documents/Workspace/ModularizedByFeatures/LocalPods/CatFeature/Example
    /bin/sh -c /Users/ronaldo/Documents/Workspace/ModularizedByFeatures/LocalPods/CatFeature/Example/DerivedData/CatFeature/Build/Intermediates/CatFeature.build/Debug-iphonesimulator/CatFeature_Example.build/Script-3F4C0E54481D8E5976AB89C2.sh
building file list ... done

sent 29 bytes  received 20 bytes  98.00 bytes/sec
total size is 0  speedup is 0.00

=== BUILD TARGET CatFeature_Tests OF PROJECT CatFeature WITH CONFIGURATION Debug ===

Check dependencies

PhaseScriptExecution [CP]\ Check\ Pods\ Manifest.lock DerivedData/CatFeature/Build/Intermediates/CatFeature.build/Debug-iphonesimulator/CatFeature_Tests.build/Script-1523A9FAB521E3D471D87A53.sh
    cd /Users/ronaldo/Documents/Workspace/ModularizedByFeatures/LocalPods/CatFeature/Example
    /bin/sh -c /Users/ronaldo/Documents/Workspace/ModularizedByFeatures/LocalPods/CatFeature/Example/DerivedData/CatFeature/Build/Intermediates/CatFeature.build/Debug-iphonesimulator/CatFeature_Tests.build/Script-1523A9FAB521E3D471D87A53.sh

PhaseScriptExecution [CP]\ Embed\ Pods\ Frameworks DerivedData/CatFeature/Build/Intermediates/CatFeature.build/Debug-iphonesimulator/CatFeature_Tests.build/Script-6FD8A96EBC922DA7FE9F8A36.sh
    cd /Users/ronaldo/Documents/Workspace/ModularizedByFeatures/LocalPods/CatFeature/Example
    /bin/sh -c /Users/ronaldo/Documents/Workspace/ModularizedByFeatures/LocalPods/CatFeature/Example/DerivedData/CatFeature/Build/Intermediates/CatFeature.build/Debug-iphonesimulator/CatFeature_Tests.build/Script-6FD8A96EBC922DA7FE9F8A36.sh
mkdir -p /Users/ronaldo/Documents/Workspace/ModularizedByFeatures/LocalPods/CatFeature/Example/DerivedData/CatFeature/Build/Products/Debug-iphonesimulator/CatFeature_Tests.xctest/Frameworks
rsync -av --filter "- CVS/" --filter "- .svn/" --filter "- .git/" --filter "- .hg/" --filter "- Headers" --filter "- PrivateHeaders" --filter "- Modules" "/Users/ronaldo/Documents/Workspace/ModularizedByFeatures/LocalPods/CatFeature/Example/DerivedData/CatFeature/Build/Products/Debug-iphonesimulator/FBSnapshotTestCase/FBSnapshotTestCase.framework" "/Users/ronaldo/Documents/Workspace/ModularizedByFeatures/LocalPods/CatFeature/Example/DerivedData/CatFeature/Build/Products/Debug-iphonesimulator/CatFeature_Tests.xctest/Frameworks"
building file list ... done
FBSnapshotTestCase.framework/
FBSnapshotTestCase.framework/FBSnapshotTestCase
FBSnapshotTestCase.framework/_CodeSignature/CodeResources

sent 130930 bytes  received 70 bytes  87333.33 bytes/sec
total size is 131411  speedup is 1.00
Code Signing /Users/ronaldo/Documents/Workspace/ModularizedByFeatures/LocalPods/CatFeature/Example/DerivedData/CatFeature/Build/Products/Debug-iphonesimulator/CatFeature_Tests.xctest/Frameworks/FBSnapshotTestCase.framework with Identity -
/usr/bin/codesign --force --sign -  --preserve-metadata=identifier,entitlements '/Users/ronaldo/Documents/Workspace/ModularizedByFeatures/LocalPods/CatFeature/Example/DerivedData/CatFeature/Build/Products/Debug-iphonesimulator/CatFeature_Tests.xctest/Frameworks/FBSnapshotTestCase.framework'
/Users/ronaldo/Documents/Workspace/ModularizedByFeatures/LocalPods/CatFeature/Example/DerivedData/CatFeature/Build/Products/Debug-iphonesimulator/CatFeature_Tests.xctest/Frameworks/FBSnapshotTestCase.framework: replacing existing signature

PhaseScriptExecution [CP]\ Copy\ Pods\ Resources DerivedData/CatFeature/Build/Intermediates/CatFeature.build/Debug-iphonesimulator/CatFeature_Tests.build/Script-B467C8E5E8ADBD6B68E593EF.sh
    cd /Users/ronaldo/Documents/Workspace/ModularizedByFeatures/LocalPods/CatFeature/Example
    /bin/sh -c /Users/ronaldo/Documents/Workspace/ModularizedByFeatures/LocalPods/CatFeature/Example/DerivedData/CatFeature/Build/Intermediates/CatFeature.build/Debug-iphonesimulator/CatFeature_Tests.build/Script-B467C8E5E8ADBD6B68E593EF.sh
building file list ... done

sent 29 bytes  received 20 bytes  98.00 bytes/sec
total size is 0  speedup is 0.00

** BUILD SUCCEEDED **

=== BUILD TARGET CatFeature-CatFeature OF PROJECT Pods WITH CONFIGURATION Debug ===

Check dependencies

=== BUILD TARGET Context OF PROJECT Pods WITH CONFIGURATION Debug ===
Check dependencies

=== BUILD TARGET Nimble OF PROJECT Pods WITH CONFIGURATION Debug ===
Check dependencies

=== BUILD TARGET SnapKit OF PROJECT Pods WITH CONFIGURATION Debug ===

Check dependencies

=== BUILD TARGET FBSnapshotTestCase OF PROJECT Pods WITH CONFIGURATION Debug ===

Check dependencies

=== BUILD TARGET Pods-CatFeature_Tests OF PROJECT Pods WITH CONFIGURATION Debug ===

Check dependencies

=== BUILD TARGET CatFeature OF PROJECT Pods WITH CONFIGURATION Debug ===

Check dependencies

=== BUILD TARGET Pods-CatFeature_Example OF PROJECT Pods WITH CONFIGURATION Debug ===

Check dependencies

=== BUILD TARGET CatFeature_Example OF PROJECT CatFeature WITH CONFIGURATION Debug ===

Check dependencies

PhaseScriptExecution [CP]\ Check\ Pods\ Manifest.lock DerivedData/CatFeature/Build/Intermediates/CodeCoverage/Intermediates/CatFeature.build/Debug-iphonesimulator/CatFeature_Example.build/Script-2B47C86C054EEFC09889863C.sh
    cd /Users/ronaldo/Documents/Workspace/ModularizedByFeatures/LocalPods/CatFeature/Example
    /bin/sh -c /Users/ronaldo/Documents/Workspace/ModularizedByFeatures/LocalPods/CatFeature/Example/DerivedData/CatFeature/Build/Intermediates/CodeCoverage/Intermediates/CatFeature.build/Debug-iphonesimulator/CatFeature_Example.build/Script-2B47C86C054EEFC09889863C.sh

PhaseScriptExecution [CP]\ Embed\ Pods\ Frameworks DerivedData/CatFeature/Build/Intermediates/CodeCoverage/Intermediates/CatFeature.build/Debug-iphonesimulator/CatFeature_Example.build/Script-84EEA2AD8D7B4BFDA7FFFF34.sh
    cd /Users/ronaldo/Documents/Workspace/ModularizedByFeatures/LocalPods/CatFeature/Example
    /bin/sh -c /Users/ronaldo/Documents/Workspace/ModularizedByFeatures/LocalPods/CatFeature/Example/DerivedData/CatFeature/Build/Intermediates/CodeCoverage/Intermediates/CatFeature.build/Debug-iphonesimulator/CatFeature_Example.build/Script-84EEA2AD8D7B4BFDA7FFFF34.sh
mkdir -p /Users/ronaldo/Documents/Workspace/ModularizedByFeatures/LocalPods/CatFeature/Example/DerivedData/CatFeature/Build/Intermediates/CodeCoverage/Products/Debug-iphonesimulator/CatFeature_Example.app/Frameworks
rsync -av --filter "- CVS/" --filter "- .svn/" --filter "- .git/" --filter "- .hg/" --filter "- Headers" --filter "- PrivateHeaders" --filter "- Modules" "/Users/ronaldo/Documents/Workspace/ModularizedByFeatures/LocalPods/CatFeature/Example/DerivedData/CatFeature/Build/Intermediates/CodeCoverage/Products/Debug-iphonesimulator/CatFeature/CatFeature.framework" "/Users/ronaldo/Documents/Workspace/ModularizedByFeatures/LocalPods/CatFeature/Example/DerivedData/CatFeature/Build/Intermediates/CodeCoverage/Products/Debug-iphonesimulator/CatFeature_Example.app/Frameworks"
building file list ... done
CatFeature.framework/
CatFeature.framework/CatFeature
CatFeature.framework/_CodeSignature/CodeResources

sent 303123 bytes  received 70 bytes  606386.00 bytes/sec
total size is 2859076  speedup is 9.43
Code Signing /Users/ronaldo/Documents/Workspace/ModularizedByFeatures/LocalPods/CatFeature/Example/DerivedData/CatFeature/Build/Intermediates/CodeCoverage/Products/Debug-iphonesimulator/CatFeature_Example.app/Frameworks/CatFeature.framework with Identity -
/usr/bin/codesign --force --sign -  --preserve-metadata=identifier,entitlements '/Users/ronaldo/Documents/Workspace/ModularizedByFeatures/LocalPods/CatFeature/Example/DerivedData/CatFeature/Build/Intermediates/CodeCoverage/Products/Debug-iphonesimulator/CatFeature_Example.app/Frameworks/CatFeature.framework'
/Users/ronaldo/Documents/Workspace/ModularizedByFeatures/LocalPods/CatFeature/Example/DerivedData/CatFeature/Build/Intermediates/CodeCoverage/Products/Debug-iphonesimulator/CatFeature_Example.app/Frameworks/CatFeature.framework: replacing existing signature
rsync -av --filter "- CVS/" --filter "- .svn/" --filter "- .git/" --filter "- .hg/" --filter "- Headers" --filter "- PrivateHeaders" --filter "- Modules" "/Users/ronaldo/Documents/Workspace/ModularizedByFeatures/LocalPods/CatFeature/Example/DerivedData/CatFeature/Build/Intermediates/CodeCoverage/Products/Debug-iphonesimulator/Context/Context.framework" "/Users/ronaldo/Documents/Workspace/ModularizedByFeatures/LocalPods/CatFeature/Example/DerivedData/CatFeature/Build/Intermediates/CodeCoverage/Products/Debug-iphonesimulator/CatFeature_Example.app/Frameworks"
building file list ... done
Context.framework/
Context.framework/Context
Context.framework/_CodeSignature/CodeResources

sent 100796 bytes  received 70 bytes  201732.00 bytes/sec
total size is 101264  speedup is 1.00
Code Signing /Users/ronaldo/Documents/Workspace/ModularizedByFeatures/LocalPods/CatFeature/Example/DerivedData/CatFeature/Build/Intermediates/CodeCoverage/Products/Debug-iphonesimulator/CatFeature_Example.app/Frameworks/Context.framework with Identity -
/usr/bin/codesign --force --sign -  --preserve-metadata=identifier,entitlements '/Users/ronaldo/Documents/Workspace/ModularizedByFeatures/LocalPods/CatFeature/Example/DerivedData/CatFeature/Build/Intermediates/CodeCoverage/Products/Debug-iphonesimulator/CatFeature_Example.app/Frameworks/Context.framework'
/Users/ronaldo/Documents/Workspace/ModularizedByFeatures/LocalPods/CatFeature/Example/DerivedData/CatFeature/Build/Intermediates/CodeCoverage/Products/Debug-iphonesimulator/CatFeature_Example.app/Frameworks/Context.framework: replacing existing signature
rsync -av --filter "- CVS/" --filter "- .svn/" --filter "- .git/" --filter "- .hg/" --filter "- Headers" --filter "- PrivateHeaders" --filter "- Modules" "/Users/ronaldo/Documents/Workspace/ModularizedByFeatures/LocalPods/CatFeature/Example/DerivedData/CatFeature/Build/Intermediates/CodeCoverage/Products/Debug-iphonesimulator/Nimble/Nimble.framework" "/Users/ronaldo/Documents/Workspace/ModularizedByFeatures/LocalPods/CatFeature/Example/DerivedData/CatFeature/Build/Intermediates/CodeCoverage/Products/Debug-iphonesimulator/CatFeature_Example.app/Frameworks"
building file list ... done
Nimble.framework/
Nimble.framework/Nimble
Nimble.framework/_CodeSignature/CodeResources

sent 1751172 bytes  received 70 bytes  3502484.00 bytes/sec
total size is 1751432  speedup is 1.00
Code Signing /Users/ronaldo/Documents/Workspace/ModularizedByFeatures/LocalPods/CatFeature/Example/DerivedData/CatFeature/Build/Intermediates/CodeCoverage/Products/Debug-iphonesimulator/CatFeature_Example.app/Frameworks/Nimble.framework with Identity -
/usr/bin/codesign --force --sign -  --preserve-metadata=identifier,entitlements '/Users/ronaldo/Documents/Workspace/ModularizedByFeatures/LocalPods/CatFeature/Example/DerivedData/CatFeature/Build/Intermediates/CodeCoverage/Products/Debug-iphonesimulator/CatFeature_Example.app/Frameworks/Nimble.framework'
/Users/ronaldo/Documents/Workspace/ModularizedByFeatures/LocalPods/CatFeature/Example/DerivedData/CatFeature/Build/Intermediates/CodeCoverage/Products/Debug-iphonesimulator/CatFeature_Example.app/Frameworks/Nimble.framework: replacing existing signature
rsync -av --filter "- CVS/" --filter "- .svn/" --filter "- .git/" --filter "- .hg/" --filter "- Headers" --filter "- PrivateHeaders" --filter "- Modules" "/Users/ronaldo/Documents/Workspace/ModularizedByFeatures/LocalPods/CatFeature/Example/DerivedData/CatFeature/Build/Intermediates/CodeCoverage/Products/Debug-iphonesimulator/SnapKit/SnapKit.framework" "/Users/ronaldo/Documents/Workspace/ModularizedByFeatures/LocalPods/CatFeature/Example/DerivedData/CatFeature/Build/Intermediates/CodeCoverage/Products/Debug-iphonesimulator/CatFeature_Example.app/Frameworks"
building file list ... done
SnapKit.framework/
SnapKit.framework/SnapKit
SnapKit.framework/_CodeSignature/CodeResources

sent 633124 bytes  received 70 bytes  422129.33 bytes/sec
total size is 633520  speedup is 1.00
Code Signing /Users/ronaldo/Documents/Workspace/ModularizedByFeatures/LocalPods/CatFeature/Example/DerivedData/CatFeature/Build/Intermediates/CodeCoverage/Products/Debug-iphonesimulator/CatFeature_Example.app/Frameworks/SnapKit.framework with Identity -
/usr/bin/codesign --force --sign -  --preserve-metadata=identifier,entitlements '/Users/ronaldo/Documents/Workspace/ModularizedByFeatures/LocalPods/CatFeature/Example/DerivedData/CatFeature/Build/Intermediates/CodeCoverage/Products/Debug-iphonesimulator/CatFeature_Example.app/Frameworks/SnapKit.framework'
/Users/ronaldo/Documents/Workspace/ModularizedByFeatures/LocalPods/CatFeature/Example/DerivedData/CatFeature/Build/Intermediates/CodeCoverage/Products/Debug-iphonesimulator/CatFeature_Example.app/Frameworks/SnapKit.framework: replacing existing signature

PhaseScriptExecution [CP]\ Copy\ Pods\ Resources DerivedData/CatFeature/Build/Intermediates/CodeCoverage/Intermediates/CatFeature.build/Debug-iphonesimulator/CatFeature_Example.build/Script-3F4C0E54481D8E5976AB89C2.sh
    cd /Users/ronaldo/Documents/Workspace/ModularizedByFeatures/LocalPods/CatFeature/Example
    /bin/sh -c /Users/ronaldo/Documents/Workspace/ModularizedByFeatures/LocalPods/CatFeature/Example/DerivedData/CatFeature/Build/Intermediates/CodeCoverage/Intermediates/CatFeature.build/Debug-iphonesimulator/CatFeature_Example.build/Script-3F4C0E54481D8E5976AB89C2.sh
building file list ... done

sent 29 bytes  received 20 bytes  98.00 bytes/sec
total size is 0  speedup is 0.00

=== BUILD TARGET CatFeature_Tests OF PROJECT CatFeature WITH CONFIGURATION Debug ===

Check dependencies

PhaseScriptExecution [CP]\ Check\ Pods\ Manifest.lock DerivedData/CatFeature/Build/Intermediates/CodeCoverage/Intermediates/CatFeature.build/Debug-iphonesimulator/CatFeature_Tests.build/Script-1523A9FAB521E3D471D87A53.sh
    cd /Users/ronaldo/Documents/Workspace/ModularizedByFeatures/LocalPods/CatFeature/Example
    /bin/sh -c /Users/ronaldo/Documents/Workspace/ModularizedByFeatures/LocalPods/CatFeature/Example/DerivedData/CatFeature/Build/Intermediates/CodeCoverage/Intermediates/CatFeature.build/Debug-iphonesimulator/CatFeature_Tests.build/Script-1523A9FAB521E3D471D87A53.sh

PhaseScriptExecution [CP]\ Embed\ Pods\ Frameworks DerivedData/CatFeature/Build/Intermediates/CodeCoverage/Intermediates/CatFeature.build/Debug-iphonesimulator/CatFeature_Tests.build/Script-6FD8A96EBC922DA7FE9F8A36.sh
    cd /Users/ronaldo/Documents/Workspace/ModularizedByFeatures/LocalPods/CatFeature/Example
    /bin/sh -c /Users/ronaldo/Documents/Workspace/ModularizedByFeatures/LocalPods/CatFeature/Example/DerivedData/CatFeature/Build/Intermediates/CodeCoverage/Intermediates/CatFeature.build/Debug-iphonesimulator/CatFeature_Tests.build/Script-6FD8A96EBC922DA7FE9F8A36.sh
mkdir -p /Users/ronaldo/Documents/Workspace/ModularizedByFeatures/LocalPods/CatFeature/Example/DerivedData/CatFeature/Build/Intermediates/CodeCoverage/Products/Debug-iphonesimulator/CatFeature_Tests.xctest/Frameworks
rsync -av --filter "- CVS/" --filter "- .svn/" --filter "- .git/" --filter "- .hg/" --filter "- Headers" --filter "- PrivateHeaders" --filter "- Modules" "/Users/ronaldo/Documents/Workspace/ModularizedByFeatures/LocalPods/CatFeature/Example/DerivedData/CatFeature/Build/Intermediates/CodeCoverage/Products/Debug-iphonesimulator/FBSnapshotTestCase/FBSnapshotTestCase.framework" "/Users/ronaldo/Documents/Workspace/ModularizedByFeatures/LocalPods/CatFeature/Example/DerivedData/CatFeature/Build/Intermediates/CodeCoverage/Products/Debug-iphonesimulator/CatFeature_Tests.xctest/Frameworks"
building file list ... done
FBSnapshotTestCase.framework/
FBSnapshotTestCase.framework/FBSnapshotTestCase
FBSnapshotTestCase.framework/_CodeSignature/CodeResources

sent 172578 bytes  received 70 bytes  345296.00 bytes/sec
total size is 173059  speedup is 1.00
Code Signing /Users/ronaldo/Documents/Workspace/ModularizedByFeatures/LocalPods/CatFeature/Example/DerivedData/CatFeature/Build/Intermediates/CodeCoverage/Products/Debug-iphonesimulator/CatFeature_Tests.xctest/Frameworks/FBSnapshotTestCase.framework with Identity -
/usr/bin/codesign --force --sign -  --preserve-metadata=identifier,entitlements '/Users/ronaldo/Documents/Workspace/ModularizedByFeatures/LocalPods/CatFeature/Example/DerivedData/CatFeature/Build/Intermediates/CodeCoverage/Products/Debug-iphonesimulator/CatFeature_Tests.xctest/Frameworks/FBSnapshotTestCase.framework'
/Users/ronaldo/Documents/Workspace/ModularizedByFeatures/LocalPods/CatFeature/Example/DerivedData/CatFeature/Build/Intermediates/CodeCoverage/Products/Debug-iphonesimulator/CatFeature_Tests.xctest/Frameworks/FBSnapshotTestCase.framework: replacing existing signature

PhaseScriptExecution [CP]\ Copy\ Pods\ Resources DerivedData/CatFeature/Build/Intermediates/CodeCoverage/Intermediates/CatFeature.build/Debug-iphonesimulator/CatFeature_Tests.build/Script-B467C8E5E8ADBD6B68E593EF.sh
    cd /Users/ronaldo/Documents/Workspace/ModularizedByFeatures/LocalPods/CatFeature/Example
    /bin/sh -c /Users/ronaldo/Documents/Workspace/ModularizedByFeatures/LocalPods/CatFeature/Example/DerivedData/CatFeature/Build/Intermediates/CodeCoverage/Intermediates/CatFeature.build/Debug-iphonesimulator/CatFeature_Tests.build/Script-B467C8E5E8ADBD6B68E593EF.sh
building file list ... done

sent 29 bytes  received 20 bytes  98.00 bytes/sec
total size is 0  speedup is 0.00

Test Suite 'All tests' started at 2017-06-12 01:21:27.569
Test Suite 'CatFeature_Tests.xctest' started at 2017-06-12 01:21:27.571
Test Suite 'Tests' started at 2017-06-12 01:21:27.571
Test Case '-[CatFeature_Tests.Tests testExample]' started.
Test Case '-[CatFeature_Tests.Tests testExample]' passed (0.003 seconds).
Test Case '-[CatFeature_Tests.Tests testPerformanceExample]' started.
/Users/ronaldo/Documents/Workspace/ModularizedByFeatures/LocalPods/CatFeature/Example/Tests/Tests.swift:27: Test Case '-[CatFeature_Tests.Tests testPerformanceExample]' measured [Time, seconds] average: 0.000, relative standard deviation: 131.992%, values: [0.000005, 0.000001, 0.000001, 0.000001, 0.000001, 0.000001, 0.000001, 0.000001, 0.000001, 0.000001], performanceMetricID:com.apple.XCTPerformanceMetric_WallClockTime, baselineName: "", baselineAverage: , maxPercentRegression: 10.000%, maxPercentRelativeStandardDeviation: 10.000%, maxRegression: 0.100, maxStandardDeviation: 0.100
Test Case '-[CatFeature_Tests.Tests testPerformanceExample]' passed (0.294 seconds).
Test Suite 'Tests' passed at 2017-06-12 01:21:27.872.
	 Executed 2 tests, with 0 failures (0 unexpected) in 0.298 (0.301) seconds
Test Suite 'CatFeature_Tests.xctest' passed at 2017-06-12 01:21:27.873.
	 Executed 2 tests, with 0 failures (0 unexpected) in 0.298 (0.303) seconds
Test Suite 'FBSnapshotTestCase.framework' started at 2017-06-12 01:21:27.875
Test Suite 'FBSnapshotTestCase.framework' passed at 2017-06-12 01:21:27.875.
	 Executed 0 tests, with 0 failures (0 unexpected) in 0.000 (0.001) seconds
Test Suite 'All tests' passed at 2017-06-12 01:21:27.876.
	 Executed 2 tests, with 0 failures (0 unexpected) in 0.298 (0.307) seconds
** TEST SUCCEEDED **

